2024-10-18 21:46:11,906 [Worker-0] INFO  o.e.m.c.i.l.LifecycleMappingFactory - Using org.maven.ide.eclipse.wtp.WarLifecycleMapping lifecycle mapping for MavenProject: com.maven.farmacia:ProyectoJPAMAVENJUEVES:0.0.1-SNAPSHOT @ C:\Users\ktuer\OneDrive\Documentos\Downloads\ProyectoJPAMAVENJUEVES\ProyectoJPAMAVENJUEVES\ProyectoJPAMAVENJUEVES\ProyectoJPAMAVENJUEVES\pom.xml.
2024-10-18 21:46:11,906 [Worker-17] INFO  o.e.m.c.i.l.LifecycleMappingFactory - Using org.maven.ide.eclipse.wtp.WarLifecycleMapping lifecycle mapping for MavenProject: com.maven.farmacia:ProyectoJPAMAVENJUEVES:0.0.1-SNAPSHOT @ C:\Users\ktuer\OneDrive\Documentos\Downloads\ProyectoJPAMAVENJUEVES\ProyectoJPAMAVENJUEVES\ProyectoJPAMAVENJUEVES\ProyectoJPAMAVENJUEVES\pom.xml.
2024-10-18 21:46:15,576 [Worker-17] WARN  o.e.m.c.i.embedder.EclipseLogger - Using platform encoding (Cp1252 actually) to copy filtered resources, i.e. build is platform dependent!
2024-10-18 21:46:15,583 [Worker-17] INFO  o.e.m.c.i.embedder.EclipseLogger - Copying 0 resource
2024-10-18 21:46:15,586 [Worker-17] WARN  o.e.m.c.i.embedder.EclipseLogger - Using platform encoding (Cp1252 actually) to copy filtered resources, i.e. build is platform dependent!
2024-10-18 21:46:15,586 [Worker-17] INFO  o.e.m.c.i.embedder.EclipseLogger - skip non existing resourceDirectory C:\Users\ktuer\OneDrive\Documentos\Downloads\ProyectoJPAMAVENJUEVES\ProyectoJPAMAVENJUEVES\ProyectoJPAMAVENJUEVES\ProyectoJPAMAVENJUEVES\src\test\resources
2024-10-18 21:46:16,934 [Worker-0] INFO  o.e.m.c.i.l.LifecycleMappingFactory - Using org.maven.ide.eclipse.wtp.WarLifecycleMapping lifecycle mapping for MavenProject: com.maven.farmacia:ProyectoJPAMAVENJUEVES:0.0.1-SNAPSHOT @ C:\Users\ktuer\OneDrive\Documentos\Downloads\ProyectoJPAMAVENJUEVES\ProyectoJPAMAVENJUEVES\ProyectoJPAMAVENJUEVES\ProyectoJPAMAVENJUEVES\pom.xml.
2024-10-18 21:46:19,660 [Worker-17] WARN  o.e.m.c.i.embedder.EclipseLogger - Using platform encoding (Cp1252 actually) to copy filtered resources, i.e. build is platform dependent!
2024-10-18 21:46:19,664 [Worker-17] INFO  o.e.m.c.i.embedder.EclipseLogger - Copying 0 resource
2024-10-18 21:46:19,666 [Worker-17] WARN  o.e.m.c.i.embedder.EclipseLogger - Using platform encoding (Cp1252 actually) to copy filtered resources, i.e. build is platform dependent!
2024-10-18 21:46:19,666 [Worker-17] INFO  o.e.m.c.i.embedder.EclipseLogger - skip non existing resourceDirectory C:\Users\ktuer\OneDrive\Documentos\Downloads\ProyectoJPAMAVENJUEVES\ProyectoJPAMAVENJUEVES\ProyectoJPAMAVENJUEVES\ProyectoJPAMAVENJUEVES\src\test\resources
2024-10-18 21:46:53,858 [Worker-20] INFO  o.e.m.c.i.p.ProjectConfigurationManager - Collecting project info '/pom.xml' C:\Users\ktuer\OneDrive\Documentos\Downloads\LPII_Tueros Lucana_Rubi Giuliana\ExamenSustitutorio\pom.xml
2024-10-18 21:46:53,943 [Worker-20] INFO  o.e.m.c.i.l.LifecycleMappingFactory - Using org.maven.ide.eclipse.wtp.WarLifecycleMapping lifecycle mapping for MavenProject: org.cibertec:ExamenSustitutorio:0.0.1-SNAPSHOT @ C:\Users\ktuer\OneDrive\Documentos\Downloads\LPII_Tueros Lucana_Rubi Giuliana\ExamenSustitutorio\pom.xml.
2024-10-18 21:46:54,032 [Worker-20] INFO  o.e.m.j.i.AbstractJavaProjectConfigurator - Adding source folder /ExamenSustitutorio/src/main/java
2024-10-18 21:46:54,032 [Worker-20] INFO  o.e.m.j.i.AbstractJavaProjectConfigurator - Adding resource folder /ExamenSustitutorio/src/main/resources
2024-10-18 21:46:54,032 [Worker-20] INFO  o.e.m.j.i.AbstractJavaProjectConfigurator - Adding source folder /ExamenSustitutorio/src/test/java
2024-10-18 21:46:54,633 [Worker-20] INFO  o.e.m.c.i.p.ProjectConfigurationManager - Imported and configured 1 project(s) in 0 sec
2024-10-18 21:46:54,858 [Worker-15] WARN  o.e.m.c.i.embedder.EclipseLogger - Using platform encoding (Cp1252 actually) to copy filtered resources, i.e. build is platform dependent!
2024-10-18 21:46:54,859 [Worker-15] INFO  o.e.m.c.i.embedder.EclipseLogger - Copying 0 resource
2024-10-18 21:46:54,860 [Worker-15] WARN  o.e.m.c.i.embedder.EclipseLogger - Using platform encoding (Cp1252 actually) to copy filtered resources, i.e. build is platform dependent!
2024-10-18 21:46:54,864 [Worker-15] INFO  o.e.m.c.i.embedder.EclipseLogger - skip non existing resourceDirectory C:\Users\ktuer\OneDrive\Documentos\Downloads\LPII_Tueros Lucana_Rubi Giuliana\ExamenSustitutorio\src\test\resources
2024-10-18 21:46:56,013 [Worker-20] WARN  o.e.m.c.i.embedder.EclipseLogger - Using platform encoding (Cp1252 actually) to copy filtered resources, i.e. build is platform dependent!
2024-10-18 21:46:56,014 [Worker-20] INFO  o.e.m.c.i.embedder.EclipseLogger - Copying 0 resource
2024-10-18 21:46:56,015 [Worker-20] WARN  o.e.m.c.i.embedder.EclipseLogger - Using platform encoding (Cp1252 actually) to copy filtered resources, i.e. build is platform dependent!
2024-10-18 21:46:56,021 [Worker-20] INFO  o.e.m.c.i.embedder.EclipseLogger - skip non existing resourceDirectory C:\Users\ktuer\OneDrive\Documentos\Downloads\LPII_Tueros Lucana_Rubi Giuliana\ExamenSustitutorio\src\test\resources
2024-10-18 21:47:46,689 [Worker-21] INFO  o.e.m.c.i.l.LifecycleMappingFactory - Using org.maven.ide.eclipse.wtp.WarLifecycleMapping lifecycle mapping for MavenProject: org.cibertec:ExamenSustitutorio:0.0.1-SNAPSHOT @ C:\Users\ktuer\OneDrive\Documentos\Downloads\LPII_Tueros Lucana_Rubi Giuliana\ExamenSustitutorio\pom.xml.
2024-10-18 21:47:47,504 [Worker-21] WARN  o.e.m.c.i.embedder.EclipseLogger - Using platform encoding (Cp1252 actually) to copy filtered resources, i.e. build is platform dependent!
2024-10-18 21:47:47,505 [Worker-21] INFO  o.e.m.c.i.embedder.EclipseLogger - Copying 0 resource
2024-10-18 21:47:47,507 [Worker-21] WARN  o.e.m.c.i.embedder.EclipseLogger - Using platform encoding (Cp1252 actually) to copy filtered resources, i.e. build is platform dependent!
2024-10-18 21:47:47,511 [Worker-21] INFO  o.e.m.c.i.embedder.EclipseLogger - skip non existing resourceDirectory C:\Users\ktuer\OneDrive\Documentos\Downloads\LPII_Tueros Lucana_Rubi Giuliana\ExamenSustitutorio\src\test\resources
2024-10-18 21:47:47,512 [Worker-21] INFO  o.e.m.w.i.f.ResourceFilteringBuildParticipant - Changed resources require a complete clean of filtered resources of ExamenSustitutorio
2024-10-18 21:47:47,513 [Worker-21] INFO  o.e.m.w.i.f.ResourceFilteringBuildParticipant - Executing resource filtering for ExamenSustitutorio
2024-10-18 21:47:47,526 [Worker-21] WARN  o.e.m.c.i.embedder.EclipseLogger - Using platform encoding (Cp1252 actually) to copy filtered resources, i.e. build is platform dependent!
2024-10-18 21:47:49,485 [Worker-17] WARN  o.e.m.c.i.embedder.EclipseLogger - Using platform encoding (Cp1252 actually) to copy filtered resources, i.e. build is platform dependent!
2024-10-18 21:47:49,487 [Worker-17] INFO  o.e.m.c.i.embedder.EclipseLogger - Copying 0 resource
2024-10-18 21:47:49,488 [Worker-17] WARN  o.e.m.c.i.embedder.EclipseLogger - Using platform encoding (Cp1252 actually) to copy filtered resources, i.e. build is platform dependent!
2024-10-18 21:47:49,493 [Worker-17] INFO  o.e.m.c.i.embedder.EclipseLogger - skip non existing resourceDirectory C:\Users\ktuer\OneDrive\Documentos\Downloads\LPII_Tueros Lucana_Rubi Giuliana\ExamenSustitutorio\src\test\resources
2024-10-18 21:48:17,269 [Worker-14] INFO  o.e.m.c.i.p.ProjectConfigurationManager - Update started
2024-10-18 21:48:17,307 [Worker-14] INFO  o.e.m.c.i.l.LifecycleMappingFactory - Using org.maven.ide.eclipse.wtp.WarLifecycleMapping lifecycle mapping for MavenProject: org.cibertec:ExamenSustitutorio:0.0.1-SNAPSHOT @ C:\Users\ktuer\OneDrive\Documentos\Downloads\LPII_Tueros Lucana_Rubi Giuliana\ExamenSustitutorio\pom.xml.
2024-10-18 21:48:17,964 [Worker-14] INFO  o.e.m.j.i.AbstractJavaProjectConfigurator - Adding source folder /ExamenSustitutorio/src/main/java
2024-10-18 21:48:17,964 [Worker-14] INFO  o.e.m.j.i.AbstractJavaProjectConfigurator - Adding resource folder /ExamenSustitutorio/src/main/resources
2024-10-18 21:48:17,964 [Worker-14] INFO  o.e.m.j.i.AbstractJavaProjectConfigurator - Adding source folder /ExamenSustitutorio/src/test/java
2024-10-18 21:48:18,675 [Worker-14] INFO  o.e.m.w.i.f.ResourceFilteringBuildParticipant - Cleaning filtered folder for ExamenSustitutorio
2024-10-18 21:48:18,681 [Worker-14] INFO  o.e.m.c.i.p.ProjectConfigurationManager - Update completed: 1 sec
2024-10-18 21:48:19,079 [Worker-20] WARN  o.e.m.c.i.embedder.EclipseLogger - Using platform encoding (Cp1252 actually) to copy filtered resources, i.e. build is platform dependent!
2024-10-18 21:48:19,080 [Worker-20] INFO  o.e.m.c.i.embedder.EclipseLogger - Copying 0 resource
2024-10-18 21:48:19,081 [Worker-20] WARN  o.e.m.c.i.embedder.EclipseLogger - Using platform encoding (Cp1252 actually) to copy filtered resources, i.e. build is platform dependent!
2024-10-18 21:48:19,082 [Worker-20] INFO  o.e.m.c.i.embedder.EclipseLogger - skip non existing resourceDirectory C:\Users\ktuer\OneDrive\Documentos\Downloads\LPII_Tueros Lucana_Rubi Giuliana\ExamenSustitutorio\src\test\resources
2024-10-18 21:48:19,082 [Worker-20] INFO  o.e.m.w.i.f.ResourceFilteringBuildParticipant - Changed resources require a complete clean of filtered resources of ExamenSustitutorio
2024-10-18 21:48:19,082 [Worker-20] INFO  o.e.m.w.i.f.ResourceFilteringBuildParticipant - Executing resource filtering for ExamenSustitutorio
2024-10-18 21:48:19,090 [Worker-20] WARN  o.e.m.c.i.embedder.EclipseLogger - Using platform encoding (Cp1252 actually) to copy filtered resources, i.e. build is platform dependent!
2024-10-18 21:48:34,710 [Worker-19] WARN  o.e.m.c.i.embedder.EclipseLogger - Using platform encoding (Cp1252 actually) to copy filtered resources, i.e. build is platform dependent!
2024-10-18 21:48:34,711 [Worker-19] INFO  o.e.m.c.i.embedder.EclipseLogger - Copying 0 resource
2024-10-18 21:48:34,713 [Worker-19] WARN  o.e.m.c.i.embedder.EclipseLogger - Using platform encoding (Cp1252 actually) to copy filtered resources, i.e. build is platform dependent!
2024-10-18 21:48:34,719 [Worker-19] INFO  o.e.m.c.i.embedder.EclipseLogger - skip non existing resourceDirectory C:\Users\ktuer\OneDrive\Documentos\Downloads\LPII_Tueros Lucana_Rubi Giuliana\ExamenSustitutorio\src\test\resources
2024-10-18 21:48:45,281 [Worker-14] WARN  o.e.m.c.i.embedder.EclipseLogger - Using platform encoding (Cp1252 actually) to copy filtered resources, i.e. build is platform dependent!
2024-10-18 21:48:45,281 [Worker-14] INFO  o.e.m.c.i.embedder.EclipseLogger - Copying 0 resource
2024-10-18 21:48:45,282 [Worker-14] WARN  o.e.m.c.i.embedder.EclipseLogger - Using platform encoding (Cp1252 actually) to copy filtered resources, i.e. build is platform dependent!
2024-10-18 21:48:45,338 [Worker-14] INFO  o.e.m.c.i.embedder.EclipseLogger - skip non existing resourceDirectory C:\Users\ktuer\OneDrive\Documentos\Downloads\LPII_Tueros Lucana_Rubi Giuliana\ExamenSustitutorio\src\test\resources
2024-10-18 21:49:07,240 [Worker-0] WARN  o.e.m.c.i.embedder.EclipseLogger - Using platform encoding (Cp1252 actually) to copy filtered resources, i.e. build is platform dependent!
2024-10-18 21:49:07,241 [Worker-0] INFO  o.e.m.c.i.embedder.EclipseLogger - Copying 0 resource
2024-10-18 21:49:07,242 [Worker-0] WARN  o.e.m.c.i.embedder.EclipseLogger - Using platform encoding (Cp1252 actually) to copy filtered resources, i.e. build is platform dependent!
2024-10-18 21:49:07,251 [Worker-0] INFO  o.e.m.c.i.embedder.EclipseLogger - skip non existing resourceDirectory C:\Users\ktuer\OneDrive\Documentos\Downloads\LPII_Tueros Lucana_Rubi Giuliana\ExamenSustitutorio\src\test\resources
2024-10-18 21:49:46,000 [Worker-14] WARN  o.e.m.c.i.embedder.EclipseLogger - Using platform encoding (Cp1252 actually) to copy filtered resources, i.e. build is platform dependent!
2024-10-18 21:49:46,002 [Worker-14] INFO  o.e.m.c.i.embedder.EclipseLogger - Copying 0 resource
2024-10-18 21:49:46,003 [Worker-14] WARN  o.e.m.c.i.embedder.EclipseLogger - Using platform encoding (Cp1252 actually) to copy filtered resources, i.e. build is platform dependent!
2024-10-18 21:49:46,005 [Worker-14] INFO  o.e.m.c.i.embedder.EclipseLogger - skip non existing resourceDirectory C:\Users\ktuer\OneDrive\Documentos\Downloads\LPII_Tueros Lucana_Rubi Giuliana\ExamenSustitutorio\src\test\resources
2024-10-18 21:50:54,554 [Worker-14] INFO  o.e.m.c.i.p.ProjectConfigurationManager - Update started
2024-10-18 21:50:54,590 [Worker-14] INFO  o.e.m.c.i.l.LifecycleMappingFactory - Using org.maven.ide.eclipse.wtp.WarLifecycleMapping lifecycle mapping for MavenProject: org.cibertec:ExamenSustitutorio:0.0.1-SNAPSHOT @ C:\Users\ktuer\OneDrive\Documentos\Downloads\LPII_Tueros Lucana_Rubi Giuliana\ExamenSustitutorio\pom.xml.
2024-10-18 21:50:55,301 [Worker-14] INFO  o.e.m.j.i.AbstractJavaProjectConfigurator - Adding source folder /ExamenSustitutorio/src/main/java
2024-10-18 21:50:55,301 [Worker-14] INFO  o.e.m.j.i.AbstractJavaProjectConfigurator - Adding resource folder /ExamenSustitutorio/src/main/resources
2024-10-18 21:50:55,301 [Worker-14] INFO  o.e.m.j.i.AbstractJavaProjectConfigurator - Adding source folder /ExamenSustitutorio/src/test/java
2024-10-18 21:50:56,007 [Worker-14] INFO  o.e.m.w.i.f.ResourceFilteringBuildParticipant - Cleaning filtered folder for ExamenSustitutorio
2024-10-18 21:50:56,012 [Worker-14] INFO  o.e.m.c.i.p.ProjectConfigurationManager - Update completed: 1 sec
2024-10-18 21:50:56,621 [Worker-14] WARN  o.e.m.c.i.embedder.EclipseLogger - Using platform encoding (Cp1252 actually) to copy filtered resources, i.e. build is platform dependent!
2024-10-18 21:50:56,622 [Worker-14] INFO  o.e.m.c.i.embedder.EclipseLogger - Copying 0 resource
2024-10-18 21:50:56,623 [Worker-14] WARN  o.e.m.c.i.embedder.EclipseLogger - Using platform encoding (Cp1252 actually) to copy filtered resources, i.e. build is platform dependent!
2024-10-18 21:50:56,628 [Worker-14] INFO  o.e.m.c.i.embedder.EclipseLogger - skip non existing resourceDirectory C:\Users\ktuer\OneDrive\Documentos\Downloads\LPII_Tueros Lucana_Rubi Giuliana\ExamenSustitutorio\src\test\resources
2024-10-18 21:50:56,628 [Worker-14] INFO  o.e.m.w.i.f.ResourceFilteringBuildParticipant - Changed resources require a complete clean of filtered resources of ExamenSustitutorio
2024-10-18 21:50:56,628 [Worker-14] INFO  o.e.m.w.i.f.ResourceFilteringBuildParticipant - Executing resource filtering for ExamenSustitutorio
2024-10-18 21:50:56,634 [Worker-14] WARN  o.e.m.c.i.embedder.EclipseLogger - Using platform encoding (Cp1252 actually) to copy filtered resources, i.e. build is platform dependent!
2024-10-18 21:53:30,569 [Worker-15] WARN  o.e.m.c.i.embedder.EclipseLogger - Using platform encoding (Cp1252 actually) to copy filtered resources, i.e. build is platform dependent!
2024-10-18 21:53:30,571 [Worker-15] INFO  o.e.m.c.i.embedder.EclipseLogger - Copying 0 resource
2024-10-18 21:53:30,572 [Worker-15] WARN  o.e.m.c.i.embedder.EclipseLogger - Using platform encoding (Cp1252 actually) to copy filtered resources, i.e. build is platform dependent!
2024-10-18 21:53:30,575 [Worker-15] INFO  o.e.m.c.i.embedder.EclipseLogger - skip non existing resourceDirectory C:\Users\ktuer\OneDrive\Documentos\Downloads\LPII_Tueros Lucana_Rubi Giuliana\ExamenSustitutorio\src\test\resources
2024-10-18 21:53:36,517 [Worker-15] WARN  o.e.m.c.i.embedder.EclipseLogger - Using platform encoding (Cp1252 actually) to copy filtered resources, i.e. build is platform dependent!
2024-10-18 21:53:36,518 [Worker-15] INFO  o.e.m.c.i.embedder.EclipseLogger - Copying 0 resource
2024-10-18 21:53:36,518 [Worker-15] WARN  o.e.m.c.i.embedder.EclipseLogger - Using platform encoding (Cp1252 actually) to copy filtered resources, i.e. build is platform dependent!
2024-10-18 21:53:36,528 [Worker-15] INFO  o.e.m.c.i.embedder.EclipseLogger - skip non existing resourceDirectory C:\Users\ktuer\OneDrive\Documentos\Downloads\LPII_Tueros Lucana_Rubi Giuliana\ExamenSustitutorio\src\test\resources
2024-10-18 21:53:36,535 [Worker-15] WARN  o.e.m.c.i.embedder.EclipseLogger - Using platform encoding (Cp1252 actually) to copy filtered resources, i.e. build is platform dependent!
2024-10-18 21:53:36,542 [Worker-15] INFO  o.e.m.c.i.embedder.EclipseLogger - Copying 0 resource
2024-10-18 21:53:36,543 [Worker-15] WARN  o.e.m.c.i.embedder.EclipseLogger - Using platform encoding (Cp1252 actually) to copy filtered resources, i.e. build is platform dependent!
2024-10-18 21:53:36,547 [Worker-15] INFO  o.e.m.c.i.embedder.EclipseLogger - skip non existing resourceDirectory C:\Users\ktuer\OneDrive\Documentos\Downloads\ProyectoJPAMAVENJUEVES\ProyectoJPAMAVENJUEVES\ProyectoJPAMAVENJUEVES\ProyectoJPAMAVENJUEVES\src\test\resources
2024-10-18 21:54:44,760 [Worker-17] WARN  o.e.m.c.i.embedder.EclipseLogger - Using platform encoding (Cp1252 actually) to copy filtered resources, i.e. build is platform dependent!
2024-10-18 21:54:44,764 [Worker-17] INFO  o.e.m.c.i.embedder.EclipseLogger - Copying 0 resource
2024-10-18 21:54:44,765 [Worker-17] WARN  o.e.m.c.i.embedder.EclipseLogger - Using platform encoding (Cp1252 actually) to copy filtered resources, i.e. build is platform dependent!
2024-10-18 21:54:44,769 [Worker-17] INFO  o.e.m.c.i.embedder.EclipseLogger - skip non existing resourceDirectory C:\Users\ktuer\OneDrive\Documentos\Downloads\LPII_Tueros Lucana_Rubi Giuliana\ExamenSustitutorio\src\test\resources
2024-10-18 21:55:28,712 [Worker-14] WARN  o.e.m.c.i.embedder.EclipseLogger - Using platform encoding (Cp1252 actually) to copy filtered resources, i.e. build is platform dependent!
2024-10-18 21:55:28,713 [Worker-14] INFO  o.e.m.c.i.embedder.EclipseLogger - Copying 0 resource
2024-10-18 21:55:28,715 [Worker-14] WARN  o.e.m.c.i.embedder.EclipseLogger - Using platform encoding (Cp1252 actually) to copy filtered resources, i.e. build is platform dependent!
2024-10-18 21:55:28,721 [Worker-14] INFO  o.e.m.c.i.embedder.EclipseLogger - skip non existing resourceDirectory C:\Users\ktuer\OneDrive\Documentos\Downloads\LPII_Tueros Lucana_Rubi Giuliana\ExamenSustitutorio\src\test\resources
2024-10-18 21:55:37,543 [Worker-15] WARN  o.e.m.c.i.embedder.EclipseLogger - Using platform encoding (Cp1252 actually) to copy filtered resources, i.e. build is platform dependent!
2024-10-18 21:55:37,547 [Worker-15] INFO  o.e.m.c.i.embedder.EclipseLogger - Copying 0 resource
2024-10-18 21:55:37,548 [Worker-15] WARN  o.e.m.c.i.embedder.EclipseLogger - Using platform encoding (Cp1252 actually) to copy filtered resources, i.e. build is platform dependent!
2024-10-18 21:55:37,553 [Worker-15] INFO  o.e.m.c.i.embedder.EclipseLogger - skip non existing resourceDirectory C:\Users\ktuer\OneDrive\Documentos\Downloads\LPII_Tueros Lucana_Rubi Giuliana\ExamenSustitutorio\src\test\resources
2024-10-18 21:55:49,203 [Worker-15] WARN  o.e.m.c.i.embedder.EclipseLogger - Using platform encoding (Cp1252 actually) to copy filtered resources, i.e. build is platform dependent!
2024-10-18 21:55:49,204 [Worker-15] INFO  o.e.m.c.i.embedder.EclipseLogger - Copying 0 resource
2024-10-18 21:55:49,205 [Worker-15] WARN  o.e.m.c.i.embedder.EclipseLogger - Using platform encoding (Cp1252 actually) to copy filtered resources, i.e. build is platform dependent!
2024-10-18 21:55:49,206 [Worker-15] INFO  o.e.m.c.i.embedder.EclipseLogger - skip non existing resourceDirectory C:\Users\ktuer\OneDrive\Documentos\Downloads\LPII_Tueros Lucana_Rubi Giuliana\ExamenSustitutorio\src\test\resources
2024-10-18 21:56:01,803 [Worker-14] WARN  o.e.m.c.i.embedder.EclipseLogger - Using platform encoding (Cp1252 actually) to copy filtered resources, i.e. build is platform dependent!
2024-10-18 21:56:01,806 [Worker-14] INFO  o.e.m.c.i.embedder.EclipseLogger - Copying 0 resource
2024-10-18 21:56:01,808 [Worker-14] WARN  o.e.m.c.i.embedder.EclipseLogger - Using platform encoding (Cp1252 actually) to copy filtered resources, i.e. build is platform dependent!
2024-10-18 21:56:01,811 [Worker-14] INFO  o.e.m.c.i.embedder.EclipseLogger - skip non existing resourceDirectory C:\Users\ktuer\OneDrive\Documentos\Downloads\LPII_Tueros Lucana_Rubi Giuliana\ExamenSustitutorio\src\test\resources
2024-10-18 21:56:15,805 [Worker-14] WARN  o.e.r.models.ModelRepository - Failed to download org.eclipse.recommenders:index::zip:0.0.0
org.eclipse.aether.resolution.ArtifactResolutionException: Could not find artifact org.eclipse.recommenders:index:zip:0.0.0-SNAPSHOT in models (http://download.eclipse.org/recommenders/models/mars/)
	at org.eclipse.aether.internal.impl.DefaultArtifactResolver.resolve(DefaultArtifactResolver.java:444) ~[na:na]
	at org.eclipse.aether.internal.impl.DefaultArtifactResolver.resolveArtifacts(DefaultArtifactResolver.java:246) ~[na:na]
	at org.eclipse.aether.internal.impl.DefaultArtifactResolver.resolveArtifact(DefaultArtifactResolver.java:223) ~[na:na]
	at org.eclipse.aether.internal.impl.DefaultRepositorySystem.resolveArtifact(DefaultRepositorySystem.java:294) ~[na:na]
	at org.eclipse.recommenders.models.ModelRepository.resolveInternal(ModelRepository.java:192) [org.eclipse.recommenders.models_2.3.0.v20160216-1255.jar:na]
	at org.eclipse.recommenders.models.ModelRepository.resolve(ModelRepository.java:174) [org.eclipse.recommenders.models_2.3.0.v20160216-1255.jar:na]
	at org.eclipse.recommenders.internal.models.rcp.EclipseModelRepository.resolve(EclipseModelRepository.java:165) [org.eclipse.recommenders.models.rcp_2.3.0.v20160216-1255.jar:na]
	at org.eclipse.recommenders.internal.models.rcp.DownloadModelArchiveJob.run(DownloadModelArchiveJob.java:76) [org.eclipse.recommenders.models.rcp_2.3.0.v20160216-1255.jar:na]
	at org.eclipse.core.internal.jobs.Worker.run(Worker.java:55) [org.eclipse.core.jobs_3.7.0.v20150330-2103.jar:na]
Caused by: org.eclipse.aether.transfer.ArtifactNotFoundException: Could not find artifact org.eclipse.recommenders:index:zip:0.0.0-SNAPSHOT in models (http://download.eclipse.org/recommenders/models/mars/)
	at org.eclipse.aether.connector.basic.ArtifactTransportListener.transferFailed(ArtifactTransportListener.java:39) ~[org.eclipse.aether.connector.basic_1.0.1.v20141111.jar:na]
	at org.eclipse.aether.connector.basic.BasicRepositoryConnector$TaskRunner.run(BasicRepositoryConnector.java:355) ~[org.eclipse.aether.connector.basic_1.0.1.v20141111.jar:na]
	at org.eclipse.aether.util.concurrency.RunnableErrorForwarder$1.run(RunnableErrorForwarder.java:67) ~[na:na]
	at org.eclipse.aether.connector.basic.BasicRepositoryConnector$DirectExecutor.execute(BasicRepositoryConnector.java:581) ~[org.eclipse.aether.connector.basic_1.0.1.v20141111.jar:na]
	at org.eclipse.aether.connector.basic.BasicRepositoryConnector.get(BasicRepositoryConnector.java:249) ~[org.eclipse.aether.connector.basic_1.0.1.v20141111.jar:na]
	at org.eclipse.aether.internal.impl.DefaultArtifactResolver.performDownloads(DefaultArtifactResolver.java:520) ~[na:na]
	at org.eclipse.aether.internal.impl.DefaultArtifactResolver.resolve(DefaultArtifactResolver.java:421) ~[na:na]
	... 8 common frames omitted
2024-10-18 21:56:33,736 [Worker-17] WARN  o.e.m.c.i.embedder.EclipseLogger - Using platform encoding (Cp1252 actually) to copy filtered resources, i.e. build is platform dependent!
2024-10-18 21:56:33,738 [Worker-17] INFO  o.e.m.c.i.embedder.EclipseLogger - Copying 0 resource
2024-10-18 21:56:33,739 [Worker-17] WARN  o.e.m.c.i.embedder.EclipseLogger - Using platform encoding (Cp1252 actually) to copy filtered resources, i.e. build is platform dependent!
2024-10-18 21:56:33,745 [Worker-17] INFO  o.e.m.c.i.embedder.EclipseLogger - skip non existing resourceDirectory C:\Users\ktuer\OneDrive\Documentos\Downloads\LPII_Tueros Lucana_Rubi Giuliana\ExamenSustitutorio\src\test\resources
2024-10-18 21:56:55,046 [Worker-22] WARN  o.e.m.c.i.embedder.EclipseLogger - Using platform encoding (Cp1252 actually) to copy filtered resources, i.e. build is platform dependent!
2024-10-18 21:56:55,048 [Worker-22] INFO  o.e.m.c.i.embedder.EclipseLogger - Copying 0 resource
2024-10-18 21:56:55,049 [Worker-22] WARN  o.e.m.c.i.embedder.EclipseLogger - Using platform encoding (Cp1252 actually) to copy filtered resources, i.e. build is platform dependent!
2024-10-18 21:56:55,054 [Worker-22] INFO  o.e.m.c.i.embedder.EclipseLogger - skip non existing resourceDirectory C:\Users\ktuer\OneDrive\Documentos\Downloads\LPII_Tueros Lucana_Rubi Giuliana\ExamenSustitutorio\src\test\resources
2024-10-18 21:58:17,403 [Worker-15] WARN  o.e.m.c.i.embedder.EclipseLogger - Using platform encoding (Cp1252 actually) to copy filtered resources, i.e. build is platform dependent!
2024-10-18 21:58:17,405 [Worker-15] INFO  o.e.m.c.i.embedder.EclipseLogger - Copying 0 resource
2024-10-18 21:58:17,406 [Worker-15] WARN  o.e.m.c.i.embedder.EclipseLogger - Using platform encoding (Cp1252 actually) to copy filtered resources, i.e. build is platform dependent!
2024-10-18 21:58:17,414 [Worker-15] INFO  o.e.m.c.i.embedder.EclipseLogger - skip non existing resourceDirectory C:\Users\ktuer\OneDrive\Documentos\Downloads\LPII_Tueros Lucana_Rubi Giuliana\ExamenSustitutorio\src\test\resources
2024-10-18 21:58:34,852 [Worker-15] WARN  o.e.m.c.i.embedder.EclipseLogger - Using platform encoding (Cp1252 actually) to copy filtered resources, i.e. build is platform dependent!
2024-10-18 21:58:34,854 [Worker-15] INFO  o.e.m.c.i.embedder.EclipseLogger - Copying 0 resource
2024-10-18 21:58:34,858 [Worker-15] WARN  o.e.m.c.i.embedder.EclipseLogger - Using platform encoding (Cp1252 actually) to copy filtered resources, i.e. build is platform dependent!
2024-10-18 21:58:34,870 [Worker-15] INFO  o.e.m.c.i.embedder.EclipseLogger - skip non existing resourceDirectory C:\Users\ktuer\OneDrive\Documentos\Downloads\LPII_Tueros Lucana_Rubi Giuliana\ExamenSustitutorio\src\test\resources
2024-10-18 22:00:21,214 [Worker-17] WARN  o.e.m.c.i.embedder.EclipseLogger - Using platform encoding (Cp1252 actually) to copy filtered resources, i.e. build is platform dependent!
2024-10-18 22:00:21,216 [Worker-17] INFO  o.e.m.c.i.embedder.EclipseLogger - Copying 0 resource
2024-10-18 22:00:21,217 [Worker-17] WARN  o.e.m.c.i.embedder.EclipseLogger - Using platform encoding (Cp1252 actually) to copy filtered resources, i.e. build is platform dependent!
2024-10-18 22:00:21,218 [Worker-17] INFO  o.e.m.c.i.embedder.EclipseLogger - skip non existing resourceDirectory C:\Users\ktuer\OneDrive\Documentos\Downloads\LPII_Tueros Lucana_Rubi Giuliana\ExamenSustitutorio\src\test\resources
2024-10-18 22:01:05,009 [Worker-18] WARN  o.e.m.c.i.embedder.EclipseLogger - Using platform encoding (Cp1252 actually) to copy filtered resources, i.e. build is platform dependent!
2024-10-18 22:01:05,010 [Worker-18] INFO  o.e.m.c.i.embedder.EclipseLogger - Copying 0 resource
2024-10-18 22:01:05,010 [Worker-18] WARN  o.e.m.c.i.embedder.EclipseLogger - Using platform encoding (Cp1252 actually) to copy filtered resources, i.e. build is platform dependent!
2024-10-18 22:01:05,023 [Worker-18] INFO  o.e.m.c.i.embedder.EclipseLogger - skip non existing resourceDirectory C:\Users\ktuer\OneDrive\Documentos\Downloads\LPII_Tueros Lucana_Rubi Giuliana\ExamenSustitutorio\src\test\resources
2024-10-18 22:01:24,001 [Worker-14] WARN  o.e.m.c.i.embedder.EclipseLogger - Using platform encoding (Cp1252 actually) to copy filtered resources, i.e. build is platform dependent!
2024-10-18 22:01:24,002 [Worker-14] INFO  o.e.m.c.i.embedder.EclipseLogger - Copying 0 resource
2024-10-18 22:01:24,003 [Worker-14] WARN  o.e.m.c.i.embedder.EclipseLogger - Using platform encoding (Cp1252 actually) to copy filtered resources, i.e. build is platform dependent!
2024-10-18 22:01:24,006 [Worker-14] INFO  o.e.m.c.i.embedder.EclipseLogger - skip non existing resourceDirectory C:\Users\ktuer\OneDrive\Documentos\Downloads\LPII_Tueros Lucana_Rubi Giuliana\ExamenSustitutorio\src\test\resources
2024-10-18 22:05:55,381 [Worker-18] WARN  o.e.m.c.i.embedder.EclipseLogger - Using platform encoding (Cp1252 actually) to copy filtered resources, i.e. build is platform dependent!
2024-10-18 22:05:55,383 [Worker-18] INFO  o.e.m.c.i.embedder.EclipseLogger - Copying 0 resource
2024-10-18 22:05:55,390 [Worker-18] WARN  o.e.m.c.i.embedder.EclipseLogger - Using platform encoding (Cp1252 actually) to copy filtered resources, i.e. build is platform dependent!
2024-10-18 22:05:55,396 [Worker-18] INFO  o.e.m.c.i.embedder.EclipseLogger - skip non existing resourceDirectory C:\Users\ktuer\OneDrive\Documentos\Downloads\LPII_Tueros Lucana_Rubi Giuliana\ExamenSustitutorio\src\test\resources
2024-10-18 22:06:49,523 [Worker-18] WARN  o.e.m.c.i.embedder.EclipseLogger - Using platform encoding (Cp1252 actually) to copy filtered resources, i.e. build is platform dependent!
2024-10-18 22:06:49,524 [Worker-18] INFO  o.e.m.c.i.embedder.EclipseLogger - Copying 0 resource
2024-10-18 22:06:49,524 [Worker-18] WARN  o.e.m.c.i.embedder.EclipseLogger - Using platform encoding (Cp1252 actually) to copy filtered resources, i.e. build is platform dependent!
2024-10-18 22:06:49,527 [Worker-18] INFO  o.e.m.c.i.embedder.EclipseLogger - skip non existing resourceDirectory C:\Users\ktuer\OneDrive\Documentos\Downloads\LPII_Tueros Lucana_Rubi Giuliana\ExamenSustitutorio\src\test\resources
2024-10-18 22:08:37,046 [Worker-34] WARN  o.e.m.c.i.embedder.EclipseLogger - Using platform encoding (Cp1252 actually) to copy filtered resources, i.e. build is platform dependent!
2024-10-18 22:08:37,048 [Worker-34] INFO  o.e.m.c.i.embedder.EclipseLogger - Copying 0 resource
2024-10-18 22:08:37,050 [Worker-34] WARN  o.e.m.c.i.embedder.EclipseLogger - Using platform encoding (Cp1252 actually) to copy filtered resources, i.e. build is platform dependent!
2024-10-18 22:08:37,056 [Worker-34] INFO  o.e.m.c.i.embedder.EclipseLogger - skip non existing resourceDirectory C:\Users\ktuer\OneDrive\Documentos\Downloads\LPII_Tueros Lucana_Rubi Giuliana\ExamenSustitutorio\src\test\resources
2024-10-18 22:11:24,430 [Worker-23] WARN  o.e.m.c.i.embedder.EclipseLogger - Using platform encoding (Cp1252 actually) to copy filtered resources, i.e. build is platform dependent!
2024-10-18 22:11:24,431 [Worker-23] INFO  o.e.m.c.i.embedder.EclipseLogger - Copying 0 resource
2024-10-18 22:11:24,432 [Worker-23] WARN  o.e.m.c.i.embedder.EclipseLogger - Using platform encoding (Cp1252 actually) to copy filtered resources, i.e. build is platform dependent!
2024-10-18 22:11:24,438 [Worker-23] INFO  o.e.m.c.i.embedder.EclipseLogger - skip non existing resourceDirectory C:\Users\ktuer\OneDrive\Documentos\Downloads\LPII_Tueros Lucana_Rubi Giuliana\ExamenSustitutorio\src\test\resources
2024-10-18 22:11:41,136 [Worker-23] INFO  o.e.m.c.i.p.ProjectConfigurationManager - Update started
2024-10-18 22:11:41,652 [Worker-23] INFO  o.e.m.c.i.l.LifecycleMappingFactory - Using org.maven.ide.eclipse.wtp.WarLifecycleMapping lifecycle mapping for MavenProject: org.cibertec:ExamenSustitutorio:0.0.1-SNAPSHOT @ C:\Users\ktuer\OneDrive\Documentos\Downloads\LPII_Tueros Lucana_Rubi Giuliana\ExamenSustitutorio\pom.xml.
2024-10-18 22:11:42,744 [Worker-23] INFO  o.e.m.j.i.AbstractJavaProjectConfigurator - Adding source folder /ExamenSustitutorio/src/main/java
2024-10-18 22:11:42,744 [Worker-23] INFO  o.e.m.j.i.AbstractJavaProjectConfigurator - Adding resource folder /ExamenSustitutorio/src/main/resources
2024-10-18 22:11:42,745 [Worker-23] INFO  o.e.m.j.i.AbstractJavaProjectConfigurator - Adding source folder /ExamenSustitutorio/src/test/java
2024-10-18 22:11:43,545 [Worker-23] INFO  o.e.m.w.i.f.ResourceFilteringBuildParticipant - Cleaning filtered folder for ExamenSustitutorio
2024-10-18 22:11:43,551 [Worker-23] INFO  o.e.m.c.i.p.ProjectConfigurationManager - Update completed: 2 sec
2024-10-18 22:11:44,501 [Worker-41] WARN  o.e.m.c.i.embedder.EclipseLogger - Using platform encoding (Cp1252 actually) to copy filtered resources, i.e. build is platform dependent!
2024-10-18 22:11:44,502 [Worker-41] INFO  o.e.m.c.i.embedder.EclipseLogger - Copying 0 resource
2024-10-18 22:11:44,504 [Worker-41] WARN  o.e.m.c.i.embedder.EclipseLogger - Using platform encoding (Cp1252 actually) to copy filtered resources, i.e. build is platform dependent!
2024-10-18 22:11:44,506 [Worker-41] INFO  o.e.m.c.i.embedder.EclipseLogger - skip non existing resourceDirectory C:\Users\ktuer\OneDrive\Documentos\Downloads\LPII_Tueros Lucana_Rubi Giuliana\ExamenSustitutorio\src\test\resources
2024-10-18 22:11:44,506 [Worker-41] INFO  o.e.m.w.i.f.ResourceFilteringBuildParticipant - Changed resources require a complete clean of filtered resources of ExamenSustitutorio
2024-10-18 22:11:44,506 [Worker-41] INFO  o.e.m.w.i.f.ResourceFilteringBuildParticipant - Executing resource filtering for ExamenSustitutorio
2024-10-18 22:11:44,509 [Worker-41] WARN  o.e.m.c.i.embedder.EclipseLogger - Using platform encoding (Cp1252 actually) to copy filtered resources, i.e. build is platform dependent!
2024-10-18 22:13:34,967 [Worker-23] WARN  o.e.m.c.i.embedder.EclipseLogger - Using platform encoding (Cp1252 actually) to copy filtered resources, i.e. build is platform dependent!
2024-10-18 22:13:34,970 [Worker-23] INFO  o.e.m.c.i.embedder.EclipseLogger - Copying 0 resource
2024-10-18 22:13:34,971 [Worker-23] WARN  o.e.m.c.i.embedder.EclipseLogger - Using platform encoding (Cp1252 actually) to copy filtered resources, i.e. build is platform dependent!
2024-10-18 22:13:34,972 [Worker-23] INFO  o.e.m.c.i.embedder.EclipseLogger - skip non existing resourceDirectory C:\Users\ktuer\OneDrive\Documentos\Downloads\LPII_Tueros Lucana_Rubi Giuliana\ExamenSustitutorio\src\test\resources
2024-10-18 22:14:49,278 [Worker-56] WARN  o.e.m.c.i.embedder.EclipseLogger - Using platform encoding (Cp1252 actually) to copy filtered resources, i.e. build is platform dependent!
2024-10-18 22:14:49,279 [Worker-56] INFO  o.e.m.c.i.embedder.EclipseLogger - Copying 0 resource
2024-10-18 22:14:49,280 [Worker-56] WARN  o.e.m.c.i.embedder.EclipseLogger - Using platform encoding (Cp1252 actually) to copy filtered resources, i.e. build is platform dependent!
2024-10-18 22:14:49,284 [Worker-56] INFO  o.e.m.c.i.embedder.EclipseLogger - skip non existing resourceDirectory C:\Users\ktuer\OneDrive\Documentos\Downloads\LPII_Tueros Lucana_Rubi Giuliana\ExamenSustitutorio\src\test\resources
2024-10-18 22:23:59,788 [Worker-59] WARN  o.e.m.c.i.embedder.EclipseLogger - Using platform encoding (Cp1252 actually) to copy filtered resources, i.e. build is platform dependent!
2024-10-18 22:23:59,791 [Worker-59] INFO  o.e.m.c.i.embedder.EclipseLogger - Copying 0 resource
2024-10-18 22:23:59,792 [Worker-59] WARN  o.e.m.c.i.embedder.EclipseLogger - Using platform encoding (Cp1252 actually) to copy filtered resources, i.e. build is platform dependent!
2024-10-18 22:23:59,798 [Worker-59] INFO  o.e.m.c.i.embedder.EclipseLogger - skip non existing resourceDirectory C:\Users\ktuer\OneDrive\Documentos\Downloads\LPII_Tueros Lucana_Rubi Giuliana\ExamenSustitutorio\src\test\resources
2024-10-18 22:24:38,990 [Worker-54] WARN  o.e.m.c.i.embedder.EclipseLogger - Using platform encoding (Cp1252 actually) to copy filtered resources, i.e. build is platform dependent!
2024-10-18 22:24:38,992 [Worker-54] INFO  o.e.m.c.i.embedder.EclipseLogger - Copying 0 resource
2024-10-18 22:24:38,994 [Worker-54] WARN  o.e.m.c.i.embedder.EclipseLogger - Using platform encoding (Cp1252 actually) to copy filtered resources, i.e. build is platform dependent!
2024-10-18 22:24:39,011 [Worker-54] INFO  o.e.m.c.i.embedder.EclipseLogger - skip non existing resourceDirectory C:\Users\ktuer\OneDrive\Documentos\Downloads\LPII_Tueros Lucana_Rubi Giuliana\ExamenSustitutorio\src\test\resources
2024-10-18 22:24:43,895 [Worker-54] WARN  o.e.m.c.i.embedder.EclipseLogger - Using platform encoding (Cp1252 actually) to copy filtered resources, i.e. build is platform dependent!
2024-10-18 22:24:43,896 [Worker-54] INFO  o.e.m.c.i.embedder.EclipseLogger - Copying 0 resource
2024-10-18 22:24:43,897 [Worker-54] WARN  o.e.m.c.i.embedder.EclipseLogger - Using platform encoding (Cp1252 actually) to copy filtered resources, i.e. build is platform dependent!
2024-10-18 22:24:43,917 [Worker-54] INFO  o.e.m.c.i.embedder.EclipseLogger - skip non existing resourceDirectory C:\Users\ktuer\OneDrive\Documentos\Downloads\LPII_Tueros Lucana_Rubi Giuliana\ExamenSustitutorio\src\test\resources
2024-10-18 22:26:18,091 [Worker-60] WARN  o.e.m.c.i.embedder.EclipseLogger - Using platform encoding (Cp1252 actually) to copy filtered resources, i.e. build is platform dependent!
2024-10-18 22:26:18,094 [Worker-60] INFO  o.e.m.c.i.embedder.EclipseLogger - Copying 0 resource
2024-10-18 22:26:18,095 [Worker-60] WARN  o.e.m.c.i.embedder.EclipseLogger - Using platform encoding (Cp1252 actually) to copy filtered resources, i.e. build is platform dependent!
2024-10-18 22:26:18,107 [Worker-60] INFO  o.e.m.c.i.embedder.EclipseLogger - skip non existing resourceDirectory C:\Users\ktuer\OneDrive\Documentos\Downloads\LPII_Tueros Lucana_Rubi Giuliana\ExamenSustitutorio\src\test\resources
2024-10-18 22:33:24,123 [Worker-59] WARN  o.e.m.c.i.embedder.EclipseLogger - Using platform encoding (Cp1252 actually) to copy filtered resources, i.e. build is platform dependent!
2024-10-18 22:33:24,124 [Worker-59] INFO  o.e.m.c.i.embedder.EclipseLogger - Copying 0 resource
2024-10-18 22:33:24,125 [Worker-59] WARN  o.e.m.c.i.embedder.EclipseLogger - Using platform encoding (Cp1252 actually) to copy filtered resources, i.e. build is platform dependent!
2024-10-18 22:33:24,133 [Worker-59] INFO  o.e.m.c.i.embedder.EclipseLogger - skip non existing resourceDirectory C:\Users\ktuer\OneDrive\Documentos\Downloads\LPII_Tueros Lucana_Rubi Giuliana\ExamenSustitutorio\src\test\resources
2024-10-18 22:36:04,710 [Worker-65] INFO  o.e.m.c.i.l.LifecycleMappingFactory - Using org.maven.ide.eclipse.wtp.WarLifecycleMapping lifecycle mapping for MavenProject: com.maven.farmacia:ProyectoJPAMAVENJUEVES:0.0.1-SNAPSHOT @ C:\Users\ktuer\OneDrive\Documentos\Downloads\ProyectoJPAMAVENJUEVES\ProyectoJPAMAVENJUEVES\ProyectoJPAMAVENJUEVES\ProyectoJPAMAVENJUEVES\pom.xml.
2024-10-18 22:36:05,396 [Worker-65] WARN  o.e.m.c.i.embedder.EclipseLogger - Using platform encoding (Cp1252 actually) to copy filtered resources, i.e. build is platform dependent!
2024-10-18 22:36:05,397 [Worker-65] INFO  o.e.m.c.i.embedder.EclipseLogger - Copying 0 resource
2024-10-18 22:36:05,398 [Worker-65] WARN  o.e.m.c.i.embedder.EclipseLogger - Using platform encoding (Cp1252 actually) to copy filtered resources, i.e. build is platform dependent!
2024-10-18 22:36:05,401 [Worker-65] INFO  o.e.m.c.i.embedder.EclipseLogger - skip non existing resourceDirectory C:\Users\ktuer\OneDrive\Documentos\Downloads\ProyectoJPAMAVENJUEVES\ProyectoJPAMAVENJUEVES\ProyectoJPAMAVENJUEVES\ProyectoJPAMAVENJUEVES\src\test\resources
2024-10-18 22:36:06,956 [Worker-64] WARN  o.e.m.c.i.embedder.EclipseLogger - Using platform encoding (Cp1252 actually) to copy filtered resources, i.e. build is platform dependent!
2024-10-18 22:36:06,957 [Worker-64] INFO  o.e.m.c.i.embedder.EclipseLogger - Copying 0 resource
2024-10-18 22:36:06,958 [Worker-64] WARN  o.e.m.c.i.embedder.EclipseLogger - Using platform encoding (Cp1252 actually) to copy filtered resources, i.e. build is platform dependent!
2024-10-18 22:36:06,960 [Worker-64] INFO  o.e.m.c.i.embedder.EclipseLogger - skip non existing resourceDirectory C:\Users\ktuer\OneDrive\Documentos\Downloads\ProyectoJPAMAVENJUEVES\ProyectoJPAMAVENJUEVES\ProyectoJPAMAVENJUEVES\ProyectoJPAMAVENJUEVES\src\test\resources
2024-10-18 22:36:23,049 [Worker-69] INFO  o.e.m.c.i.l.LifecycleMappingFactory - Using org.maven.ide.eclipse.wtp.WarLifecycleMapping lifecycle mapping for MavenProject: com.maven.farmacia:ProyectoJPAMAVENJUEVES:0.0.1-SNAPSHOT @ C:\Users\ktuer\OneDrive\Documentos\Downloads\ProyectoJPAMAVENJUEVES\ProyectoJPAMAVENJUEVES\ProyectoJPAMAVENJUEVES\ProyectoJPAMAVENJUEVES\pom.xml.
2024-10-18 22:36:23,719 [Worker-69] WARN  o.e.m.c.i.embedder.EclipseLogger - Using platform encoding (Cp1252 actually) to copy filtered resources, i.e. build is platform dependent!
2024-10-18 22:36:23,720 [Worker-69] INFO  o.e.m.c.i.embedder.EclipseLogger - Copying 0 resource
2024-10-18 22:36:23,721 [Worker-69] WARN  o.e.m.c.i.embedder.EclipseLogger - Using platform encoding (Cp1252 actually) to copy filtered resources, i.e. build is platform dependent!
2024-10-18 22:36:23,723 [Worker-69] INFO  o.e.m.c.i.embedder.EclipseLogger - skip non existing resourceDirectory C:\Users\ktuer\OneDrive\Documentos\Downloads\ProyectoJPAMAVENJUEVES\ProyectoJPAMAVENJUEVES\ProyectoJPAMAVENJUEVES\ProyectoJPAMAVENJUEVES\src\test\resources
2024-10-18 22:36:25,481 [Worker-60] WARN  o.e.m.c.i.embedder.EclipseLogger - Using platform encoding (Cp1252 actually) to copy filtered resources, i.e. build is platform dependent!
2024-10-18 22:36:25,483 [Worker-60] INFO  o.e.m.c.i.embedder.EclipseLogger - Copying 0 resource
2024-10-18 22:36:25,483 [Worker-60] WARN  o.e.m.c.i.embedder.EclipseLogger - Using platform encoding (Cp1252 actually) to copy filtered resources, i.e. build is platform dependent!
2024-10-18 22:36:25,485 [Worker-60] INFO  o.e.m.c.i.embedder.EclipseLogger - skip non existing resourceDirectory C:\Users\ktuer\OneDrive\Documentos\Downloads\ProyectoJPAMAVENJUEVES\ProyectoJPAMAVENJUEVES\ProyectoJPAMAVENJUEVES\ProyectoJPAMAVENJUEVES\src\test\resources
2024-10-18 22:37:02,872 [Worker-64] WARN  o.e.m.c.i.embedder.EclipseLogger - Using platform encoding (Cp1252 actually) to copy filtered resources, i.e. build is platform dependent!
2024-10-18 22:37:02,874 [Worker-64] INFO  o.e.m.c.i.embedder.EclipseLogger - Copying 0 resource
2024-10-18 22:37:02,880 [Worker-64] WARN  o.e.m.c.i.embedder.EclipseLogger - Using platform encoding (Cp1252 actually) to copy filtered resources, i.e. build is platform dependent!
2024-10-18 22:37:02,913 [Worker-64] INFO  o.e.m.c.i.embedder.EclipseLogger - skip non existing resourceDirectory C:\Users\ktuer\OneDrive\Documentos\Downloads\LPII_Tueros Lucana_Rubi Giuliana\ExamenSustitutorio\src\test\resources
2024-10-18 22:37:34,684 [Worker-70] WARN  o.e.m.c.i.embedder.EclipseLogger - Using platform encoding (Cp1252 actually) to copy filtered resources, i.e. build is platform dependent!
2024-10-18 22:37:34,686 [Worker-70] INFO  o.e.m.c.i.embedder.EclipseLogger - Copying 0 resource
2024-10-18 22:37:34,688 [Worker-70] WARN  o.e.m.c.i.embedder.EclipseLogger - Using platform encoding (Cp1252 actually) to copy filtered resources, i.e. build is platform dependent!
2024-10-18 22:37:34,697 [Worker-70] INFO  o.e.m.c.i.embedder.EclipseLogger - skip non existing resourceDirectory C:\Users\ktuer\OneDrive\Documentos\Downloads\LPII_Tueros Lucana_Rubi Giuliana\ExamenSustitutorio\src\test\resources
2024-10-18 22:41:53,660 [Worker-73] WARN  o.e.m.c.i.embedder.EclipseLogger - Using platform encoding (Cp1252 actually) to copy filtered resources, i.e. build is platform dependent!
2024-10-18 22:41:53,661 [Worker-73] INFO  o.e.m.c.i.embedder.EclipseLogger - Copying 0 resource
2024-10-18 22:41:53,662 [Worker-73] WARN  o.e.m.c.i.embedder.EclipseLogger - Using platform encoding (Cp1252 actually) to copy filtered resources, i.e. build is platform dependent!
2024-10-18 22:41:53,670 [Worker-73] INFO  o.e.m.c.i.embedder.EclipseLogger - skip non existing resourceDirectory C:\Users\ktuer\OneDrive\Documentos\Downloads\LPII_Tueros Lucana_Rubi Giuliana\ExamenSustitutorio\src\test\resources
2024-10-18 22:43:51,275 [Worker-71] WARN  o.e.m.c.i.embedder.EclipseLogger - Using platform encoding (Cp1252 actually) to copy filtered resources, i.e. build is platform dependent!
2024-10-18 22:43:51,276 [Worker-71] INFO  o.e.m.c.i.embedder.EclipseLogger - Copying 0 resource
2024-10-18 22:43:51,278 [Worker-71] WARN  o.e.m.c.i.embedder.EclipseLogger - Using platform encoding (Cp1252 actually) to copy filtered resources, i.e. build is platform dependent!
2024-10-18 22:43:51,282 [Worker-71] INFO  o.e.m.c.i.embedder.EclipseLogger - skip non existing resourceDirectory C:\Users\ktuer\OneDrive\Documentos\Downloads\LPII_Tueros Lucana_Rubi Giuliana\ExamenSustitutorio\src\test\resources
2024-10-18 22:44:25,466 [Worker-64] WARN  o.e.m.c.i.embedder.EclipseLogger - Using platform encoding (Cp1252 actually) to copy filtered resources, i.e. build is platform dependent!
2024-10-18 22:44:25,466 [Worker-64] INFO  o.e.m.c.i.embedder.EclipseLogger - Copying 0 resource
2024-10-18 22:44:25,468 [Worker-64] WARN  o.e.m.c.i.embedder.EclipseLogger - Using platform encoding (Cp1252 actually) to copy filtered resources, i.e. build is platform dependent!
2024-10-18 22:44:25,473 [Worker-64] INFO  o.e.m.c.i.embedder.EclipseLogger - skip non existing resourceDirectory C:\Users\ktuer\OneDrive\Documentos\Downloads\LPII_Tueros Lucana_Rubi Giuliana\ExamenSustitutorio\src\test\resources
2024-10-18 22:46:02,213 [Worker-72] WARN  o.e.m.c.i.embedder.EclipseLogger - Using platform encoding (Cp1252 actually) to copy filtered resources, i.e. build is platform dependent!
2024-10-18 22:46:02,216 [Worker-72] INFO  o.e.m.c.i.embedder.EclipseLogger - Copying 0 resource
2024-10-18 22:46:02,216 [Worker-72] WARN  o.e.m.c.i.embedder.EclipseLogger - Using platform encoding (Cp1252 actually) to copy filtered resources, i.e. build is platform dependent!
2024-10-18 22:46:02,222 [Worker-72] INFO  o.e.m.c.i.embedder.EclipseLogger - skip non existing resourceDirectory C:\Users\ktuer\OneDrive\Documentos\Downloads\LPII_Tueros Lucana_Rubi Giuliana\ExamenSustitutorio\src\test\resources
2024-10-18 22:49:22,906 [Worker-72] WARN  o.e.m.c.i.embedder.EclipseLogger - Using platform encoding (Cp1252 actually) to copy filtered resources, i.e. build is platform dependent!
2024-10-18 22:49:22,909 [Worker-72] INFO  o.e.m.c.i.embedder.EclipseLogger - Copying 0 resource
2024-10-18 22:49:22,910 [Worker-72] WARN  o.e.m.c.i.embedder.EclipseLogger - Using platform encoding (Cp1252 actually) to copy filtered resources, i.e. build is platform dependent!
2024-10-18 22:49:22,914 [Worker-72] INFO  o.e.m.c.i.embedder.EclipseLogger - skip non existing resourceDirectory C:\Users\ktuer\OneDrive\Documentos\Downloads\LPII_Tueros Lucana_Rubi Giuliana\ExamenSustitutorio\src\test\resources
2024-10-18 22:57:17,632 [Worker-78] WARN  o.e.m.c.i.embedder.EclipseLogger - Using platform encoding (Cp1252 actually) to copy filtered resources, i.e. build is platform dependent!
2024-10-18 22:57:17,634 [Worker-78] INFO  o.e.m.c.i.embedder.EclipseLogger - Copying 0 resource
2024-10-18 22:57:17,634 [Worker-78] WARN  o.e.m.c.i.embedder.EclipseLogger - Using platform encoding (Cp1252 actually) to copy filtered resources, i.e. build is platform dependent!
2024-10-18 22:57:17,650 [Worker-78] INFO  o.e.m.c.i.embedder.EclipseLogger - skip non existing resourceDirectory C:\Users\ktuer\OneDrive\Documentos\Downloads\LPII_Tueros Lucana_Rubi Giuliana\ExamenSustitutorio\src\test\resources
2024-10-18 22:58:04,991 [Worker-84] WARN  o.e.m.c.i.embedder.EclipseLogger - Using platform encoding (Cp1252 actually) to copy filtered resources, i.e. build is platform dependent!
2024-10-18 22:58:04,992 [Worker-84] INFO  o.e.m.c.i.embedder.EclipseLogger - Copying 0 resource
2024-10-18 22:58:04,993 [Worker-84] WARN  o.e.m.c.i.embedder.EclipseLogger - Using platform encoding (Cp1252 actually) to copy filtered resources, i.e. build is platform dependent!
2024-10-18 22:58:04,995 [Worker-84] INFO  o.e.m.c.i.embedder.EclipseLogger - skip non existing resourceDirectory C:\Users\ktuer\OneDrive\Documentos\Downloads\LPII_Tueros Lucana_Rubi Giuliana\ExamenSustitutorio\src\test\resources
2024-10-18 23:03:18,354 [Worker-79] WARN  o.e.m.c.i.embedder.EclipseLogger - Using platform encoding (Cp1252 actually) to copy filtered resources, i.e. build is platform dependent!
2024-10-18 23:03:18,355 [Worker-79] INFO  o.e.m.c.i.embedder.EclipseLogger - Copying 0 resource
2024-10-18 23:03:18,357 [Worker-79] WARN  o.e.m.c.i.embedder.EclipseLogger - Using platform encoding (Cp1252 actually) to copy filtered resources, i.e. build is platform dependent!
2024-10-18 23:03:18,366 [Worker-79] INFO  o.e.m.c.i.embedder.EclipseLogger - skip non existing resourceDirectory C:\Users\ktuer\OneDrive\Documentos\Downloads\LPII_Tueros Lucana_Rubi Giuliana\ExamenSustitutorio\src\test\resources
2024-10-18 23:03:21,242 [Worker-84] WARN  o.e.m.c.i.embedder.EclipseLogger - Using platform encoding (Cp1252 actually) to copy filtered resources, i.e. build is platform dependent!
2024-10-18 23:03:21,243 [Worker-84] INFO  o.e.m.c.i.embedder.EclipseLogger - Copying 0 resource
2024-10-18 23:03:21,243 [Worker-84] WARN  o.e.m.c.i.embedder.EclipseLogger - Using platform encoding (Cp1252 actually) to copy filtered resources, i.e. build is platform dependent!
2024-10-18 23:03:21,245 [Worker-84] INFO  o.e.m.c.i.embedder.EclipseLogger - skip non existing resourceDirectory C:\Users\ktuer\OneDrive\Documentos\Downloads\LPII_Tueros Lucana_Rubi Giuliana\ExamenSustitutorio\src\test\resources
2024-10-18 23:05:22,962 [Worker-85] WARN  o.e.m.c.i.embedder.EclipseLogger - Using platform encoding (Cp1252 actually) to copy filtered resources, i.e. build is platform dependent!
2024-10-18 23:05:22,965 [Worker-85] INFO  o.e.m.c.i.embedder.EclipseLogger - Copying 0 resource
2024-10-18 23:05:22,966 [Worker-85] WARN  o.e.m.c.i.embedder.EclipseLogger - Using platform encoding (Cp1252 actually) to copy filtered resources, i.e. build is platform dependent!
2024-10-18 23:05:22,974 [Worker-85] INFO  o.e.m.c.i.embedder.EclipseLogger - skip non existing resourceDirectory C:\Users\ktuer\OneDrive\Documentos\Downloads\LPII_Tueros Lucana_Rubi Giuliana\ExamenSustitutorio\src\test\resources
2024-10-18 23:05:26,748 [Worker-84] WARN  o.e.m.c.i.embedder.EclipseLogger - Using platform encoding (Cp1252 actually) to copy filtered resources, i.e. build is platform dependent!
2024-10-18 23:05:26,749 [Worker-84] INFO  o.e.m.c.i.embedder.EclipseLogger - Copying 0 resource
2024-10-18 23:05:26,750 [Worker-84] WARN  o.e.m.c.i.embedder.EclipseLogger - Using platform encoding (Cp1252 actually) to copy filtered resources, i.e. build is platform dependent!
2024-10-18 23:05:26,757 [Worker-84] INFO  o.e.m.c.i.embedder.EclipseLogger - skip non existing resourceDirectory C:\Users\ktuer\OneDrive\Documentos\Downloads\LPII_Tueros Lucana_Rubi Giuliana\ExamenSustitutorio\src\test\resources
2024-10-18 23:06:39,456 [Worker-79] WARN  o.e.m.c.i.embedder.EclipseLogger - Using platform encoding (Cp1252 actually) to copy filtered resources, i.e. build is platform dependent!
2024-10-18 23:06:39,457 [Worker-79] INFO  o.e.m.c.i.embedder.EclipseLogger - Copying 0 resource
2024-10-18 23:06:39,459 [Worker-79] WARN  o.e.m.c.i.embedder.EclipseLogger - Using platform encoding (Cp1252 actually) to copy filtered resources, i.e. build is platform dependent!
2024-10-18 23:06:39,466 [Worker-79] INFO  o.e.m.c.i.embedder.EclipseLogger - skip non existing resourceDirectory C:\Users\ktuer\OneDrive\Documentos\Downloads\LPII_Tueros Lucana_Rubi Giuliana\ExamenSustitutorio\src\test\resources
2024-10-18 23:07:05,035 [Worker-78] WARN  o.e.m.c.i.embedder.EclipseLogger - Using platform encoding (Cp1252 actually) to copy filtered resources, i.e. build is platform dependent!
2024-10-18 23:07:05,035 [Worker-78] INFO  o.e.m.c.i.embedder.EclipseLogger - Copying 0 resource
2024-10-18 23:07:05,036 [Worker-78] WARN  o.e.m.c.i.embedder.EclipseLogger - Using platform encoding (Cp1252 actually) to copy filtered resources, i.e. build is platform dependent!
2024-10-18 23:07:05,041 [Worker-78] INFO  o.e.m.c.i.embedder.EclipseLogger - skip non existing resourceDirectory C:\Users\ktuer\OneDrive\Documentos\Downloads\LPII_Tueros Lucana_Rubi Giuliana\ExamenSustitutorio\src\test\resources
2024-10-18 23:07:50,671 [Worker-78] WARN  o.e.m.c.i.embedder.EclipseLogger - Using platform encoding (Cp1252 actually) to copy filtered resources, i.e. build is platform dependent!
2024-10-18 23:07:50,673 [Worker-78] INFO  o.e.m.c.i.embedder.EclipseLogger - Copying 0 resource
2024-10-18 23:07:50,673 [Worker-78] WARN  o.e.m.c.i.embedder.EclipseLogger - Using platform encoding (Cp1252 actually) to copy filtered resources, i.e. build is platform dependent!
2024-10-18 23:07:50,679 [Worker-78] INFO  o.e.m.c.i.embedder.EclipseLogger - skip non existing resourceDirectory C:\Users\ktuer\OneDrive\Documentos\Downloads\LPII_Tueros Lucana_Rubi Giuliana\ExamenSustitutorio\src\test\resources
2024-10-18 23:11:23,119 [Worker-87] INFO  o.e.m.c.i.l.LifecycleMappingFactory - Using org.maven.ide.eclipse.wtp.WarLifecycleMapping lifecycle mapping for MavenProject: com.maven.farmacia:ProyectoJPAMAVENJUEVES:0.0.1-SNAPSHOT @ C:\Users\ktuer\OneDrive\Documentos\Downloads\ProyectoJPAMAVENJUEVES\ProyectoJPAMAVENJUEVES\ProyectoJPAMAVENJUEVES\ProyectoJPAMAVENJUEVES\pom.xml.
2024-10-18 23:11:24,186 [Worker-87] WARN  o.e.m.c.i.embedder.EclipseLogger - Using platform encoding (Cp1252 actually) to copy filtered resources, i.e. build is platform dependent!
2024-10-18 23:11:24,187 [Worker-87] INFO  o.e.m.c.i.embedder.EclipseLogger - Copying 0 resource
2024-10-18 23:11:24,188 [Worker-87] WARN  o.e.m.c.i.embedder.EclipseLogger - Using platform encoding (Cp1252 actually) to copy filtered resources, i.e. build is platform dependent!
2024-10-18 23:11:24,192 [Worker-87] INFO  o.e.m.c.i.embedder.EclipseLogger - skip non existing resourceDirectory C:\Users\ktuer\OneDrive\Documentos\Downloads\ProyectoJPAMAVENJUEVES\ProyectoJPAMAVENJUEVES\ProyectoJPAMAVENJUEVES\ProyectoJPAMAVENJUEVES\src\test\resources
2024-10-18 23:11:25,760 [Worker-93] WARN  o.e.m.c.i.embedder.EclipseLogger - Using platform encoding (Cp1252 actually) to copy filtered resources, i.e. build is platform dependent!
2024-10-18 23:11:25,761 [Worker-93] INFO  o.e.m.c.i.embedder.EclipseLogger - Copying 0 resource
2024-10-18 23:11:25,762 [Worker-93] WARN  o.e.m.c.i.embedder.EclipseLogger - Using platform encoding (Cp1252 actually) to copy filtered resources, i.e. build is platform dependent!
2024-10-18 23:11:25,769 [Worker-93] INFO  o.e.m.c.i.embedder.EclipseLogger - skip non existing resourceDirectory C:\Users\ktuer\OneDrive\Documentos\Downloads\ProyectoJPAMAVENJUEVES\ProyectoJPAMAVENJUEVES\ProyectoJPAMAVENJUEVES\ProyectoJPAMAVENJUEVES\src\test\resources
2024-10-18 23:16:57,575 [Worker-95] WARN  o.e.m.c.i.embedder.EclipseLogger - Using platform encoding (Cp1252 actually) to copy filtered resources, i.e. build is platform dependent!
2024-10-18 23:16:57,576 [Worker-95] INFO  o.e.m.c.i.embedder.EclipseLogger - Copying 0 resource
2024-10-18 23:16:57,577 [Worker-95] WARN  o.e.m.c.i.embedder.EclipseLogger - Using platform encoding (Cp1252 actually) to copy filtered resources, i.e. build is platform dependent!
2024-10-18 23:16:57,581 [Worker-95] INFO  o.e.m.c.i.embedder.EclipseLogger - skip non existing resourceDirectory C:\Users\ktuer\OneDrive\Documentos\Downloads\LPII_Tueros Lucana_Rubi Giuliana\ExamenSustitutorio\src\test\resources
2024-10-18 23:17:08,869 [Worker-88] WARN  o.e.m.c.i.embedder.EclipseLogger - Using platform encoding (Cp1252 actually) to copy filtered resources, i.e. build is platform dependent!
2024-10-18 23:17:08,871 [Worker-88] INFO  o.e.m.c.i.embedder.EclipseLogger - Copying 0 resource
2024-10-18 23:17:08,872 [Worker-88] WARN  o.e.m.c.i.embedder.EclipseLogger - Using platform encoding (Cp1252 actually) to copy filtered resources, i.e. build is platform dependent!
2024-10-18 23:17:08,880 [Worker-88] INFO  o.e.m.c.i.embedder.EclipseLogger - skip non existing resourceDirectory C:\Users\ktuer\OneDrive\Documentos\Downloads\LPII_Tueros Lucana_Rubi Giuliana\ExamenSustitutorio\src\test\resources
